989
987
493
988
494
239
175
207
495
990
992
257
223
153
159
244
487
975
217
335
383
512
513
415
221
981
161
151
479
157
149
165
167
287
169
173
177
639
181
183
185
351
189
193
199
767
209
215
799
983
977
863
213
895
197
231
201
972
205
145
143
103
121
263
225
543
229
279
233
575
237
295
240
607
241
311
242
638
243
327
245
671
343
359
375
703
391
407
423
735
439
455
471
766
480
482
483
791
484
831
968
969
971
485
847
894
962
964
965
966
967
486
927
959
976
970
943
973
974
137
141
122
986
95
87
303
119
519
261
527
265
535
269
542
273
551
277
559
281
567
285
574
289
583
293
591
297
599
301
606
305
615
309
623
313
631
317
319
321
647
325
655
329
663
333
670
337
679
341
687
345
695
349
702
353
711
357
719
361
727
365
734
369
743
373
751
377
759
381
765
385
775
389
783
393
795
397
798
401
807
405
815
409
823
413
830
417
839
421
854
425
855
429
862
433
871
437
879
441
887
445
447
449
903
453
911
457
919
461
926
465
935
469
941
473
951
477
958
481
135
133
101
97
117
113
123
985
38
55
71
49
271
62
66
67
515
517
518
521
523
525
526
529
531
533
534
537
539
541
367
545
547
549
550
553
555
557
558
561
563
565
566
569
571
573
399
577
579
581
582
585
587
589
590
593
595
597
598
601
603
605
431
609
611
613
614
617
619
621
622
625
627
629
630
633
635
637
463
641
643
645
646
649
651
653
654
657
659
661
662
665
667
669
488
673
675
677
678
681
683
685
686
689
691
693
694
697
699
701
705
707
709
710
713
715
717
718
721
723
725
726
729
731
733
737
739
741
742
745
747
749
750
753
755
757
758
761
763
764
769
771
773
774
777
779
781
782
785
787
789
790
793
788
797
801
803
805
806
809
811
813
814
817
819
821
822
825
827
829
833
835
837
838
841
843
845
846
849
851
853
844
857
859
861
978
984
982
980
979
489
865
867
869
870
873
875
877
878
881
883
885
886
889
891
893
490
897
899
901
902
905
907
909
910
913
915
917
918
921
923
925
491
929
931
933
934
937
939
940
942
945
947
949
950
953
955
957
961
963
109
85
129
120
56
79
93
60
43
50
28
40
246
492
111
105
25
36
33
39
41
37
45
17
991
247
61
23
64
53
57
59
256
514
128
516
258
259
68
520
260
522
130
524
262
131
70
528
264
530
132
532
266
267
72
536
268
538
134
540
270
74
75
544
272
546
136
548
274
275
76
552
276
554
138
556
278
139
78
560
280
562
140
564
282
283
80
568
284
570
142
572
286
82
83
576
288
578
144
580
290
291
84
584
292
586
146
588
294
147
86
592
296
594
148
596
298
299
88
600
300
602
150
604
302
90
91
608
304
610
152
612
306
307
92
616
308
618
154
620
310
155
94
624
312
626
156
628
314
315
96
632
316
634
158
636
318
98
99
640
320
642
160
644
322
323
100
648
324
650
162
652
326
163
102
656
328
658
164
660
330
331
104
664
332
666
166
668
334
106
107
672
336
674
168
676
338
339
108
680
340
682
170
684
342
171
110
688
344
690
172
692
346
347
112
696
348
698
174
700
350
114
115
704
352
706
176
708
354
355
116
712
356
714
178
716
358
179
118
720
360
722
180
724
362
363
124
728
364
730
182
732
366
184
186
736
368
738
187
740
370
371
188
744
372
746
190
748
374
191
192
752
376
754
194
756
378
379
195
760
380
762
196
382
198
200
202
768
384
770
203
772
386
387
204
776
388
778
206
780
390
208
210
784
392
786
211
5
394
395
212
792
396
794
214
796
398
248
400
800
402
802
403
804
404
406
408
808
410
810
411
812
412
414
416
816
418
818
419
820
496
824
826
828
994
993
996
995
497
498
499
832
834
836
997
1000
998
999
249
840
420
842
250
9
422
251
424
848
426
850
427
852
428
430
500
856
501
858
502
860
503
125
126
864
432
866
216
868
434
435
127
872
436
874
218
876
438
219
220
880
440
882
222
884
442
443
224
888
444
890
226
892
446
227
228
896
448
898
230
900
450
451
232
904
452
906
234
908
454
235
236
912
456
914
238
916
458
459
252
920
460
922
462
924
464
466
467
928
504
930
505
932
506
507
253
936
468
938
254
29
470
472
474
944
475
946
476
948
508
509
510
952
511
954
255
956
478
63
15
960
89
54
81
65
77
69
73
58
52
44
48
34
32
51
46
42
31
19
30
47
7
27
26
35
20
16
22
10
1
6
14
4
12
24
13
21
18
8
11
2
3
