Arreglo inicial: 
[40	20	18	2	36	32	25	6	26	37	21	39	27	29	7	4	5	14	11	10]
-----------------------------------------------------------------------------
[20][18	2	36	32	25	6	26	37	21	39	27	29	7	4	5	14	11	10]
[18	20][2	36	32	25	6	26	37	21	39	27	29	7	4	5	14	11	10]
[2	18	20][36	32	25	6	26	37	21	39	27	29	7	4	5	14	11	10]
[2	18	20	36][32	25	6	26	37	21	39	27	29	7	4	5	14	11	10]
[2	18	20	32	36][25	6	26	37	21	39	27	29	7	4	5	14	11	10]
[2	18	20	25	32	36][6	26	37	21	39	27	29	7	4	5	14	11	10]
[2	6	18	20	25	32	36][26	37	21	39	27	29	7	4	5	14	11	10]
[2	6	18	20	25	26	32	36][37	21	39	27	29	7	4	5	14	11	10]
[2	6	18	20	25	26	32	36	37][21	39	27	29	7	4	5	14	11	10]
[2	6	18	20	21	25	26	32	36	37][39	27	29	7	4	5	14	11	10]
[2	6	18	20	21	25	26	32	36	37	39][27	29	7	4	5	14	11	10]
[2	6	18	20	21	25	26	27	32	36	37	39][29	7	4	5	14	11	10]
[2	6	18	20	21	25	26	27	29	32	36	37	39][7	4	5	14	11	10]
[2	6	7	18	20	21	25	26	27	29	32	36	37	39][4	5	14	11	10]
[2	4	6	7	18	20	21	25	26	27	29	32	36	37	39][5	14	11	10]
[2	4	5	6	7	18	20	21	25	26	27	29	32	36	37	39][14	11	10]
[2	4	5	6	7	14	18	20	21	25	26	27	29	32	36	37	39][11	10]
[2	4	5	6	7	11	14	18	20	21	25	26	27	29	32	36	37	39][10]
[2	4	5	6	7	10	11	14	18	20	21	25	26	27	29	32	36	37	39]
Arreglo ordenado: 
[2	4	5	6	7	10	11	14	18	20	21	25	26	27	29	32	36	37	39	40]
