Arreglo inicial: 
[40	20	18	2	36	32	25	6	26	37	21	39	27	29	7	4	5	14	11	10]
-----------------------------------------------------------------------------
A: [2	6	18	20	25	26	32	36	37	40]
B: [4	5	7	10	11	14	21	27	29	39]
C: 

A: [2	6	18	20	25	26	32	36	37	40]
B: [4	5	7	10	11	14	21	27	29	39]
C: 

A: [6	18	20	25	26	32	36	37	40]
B: [4	5	7	10	11	14	21	27	29	39]
C: [2]

A: [6	18	20	25	26	32	36	37	40]
B: [5	7	10	11	14	21	27	29	39]
C: [2	4]

A: [6	18	20	25	26	32	36	37	40]
B: [7	10	11	14	21	27	29	39]
C: [2	4	5]

A: [18	20	25	26	32	36	37	40]
B: [7	10	11	14	21	27	29	39]
C: [2	4	5	6]

A: [18	20	25	26	32	36	37	40]
B: [10	11	14	21	27	29	39]
C: [2	4	5	6	7]

A: [18	20	25	26	32	36	37	40]
B: [11	14	21	27	29	39]
C: [2	4	5	6	7	10]

A: [18	20	25	26	32	36	37	40]
B: [14	21	27	29	39]
C: [2	4	5	6	7	10	11]

A: [18	20	25	26	32	36	37	40]
B: [21	27	29	39]
C: [2	4	5	6	7	10	11	14]

A: [20	25	26	32	36	37	40]
B: [21	27	29	39]
C: [2	4	5	6	7	10	11	14	18]

A: [25	26	32	36	37	40]
B: [21	27	29	39]
C: [2	4	5	6	7	10	11	14	18	20]

A: [25	26	32	36	37	40]
B: [27	29	39]
C: [2	4	5	6	7	10	11	14	18	20	21]

A: [26	32	36	37	40]
B: [27	29	39]
C: [2	4	5	6	7	10	11	14	18	20	21	25]

A: [32	36	37	40]
B: [27	29	39]
C: [2	4	5	6	7	10	11	14	18	20	21	25	26]

A: [32	36	37	40]
B: [29	39]
C: [2	4	5	6	7	10	11	14	18	20	21	25	26	27]

A: [32	36	37	40]
B: [39]
C: [2	4	5	6	7	10	11	14	18	20	21	25	26	27	29]

A: [36	37	40]
B: [39]
C: [2	4	5	6	7	10	11	14	18	20	21	25	26	27	29	32]

A: [37	40]
B: [39]
C: [2	4	5	6	7	10	11	14	18	20	21	25	26	27	29	32	36]

A: [40]
B: [39]
C: [2	4	5	6	7	10	11	14	18	20	21	25	26	27	29	32	36	37]

A: [40]
B: 
C: [2	4	5	6	7	10	11	14	18	20	21	25	26	27	29	32	36	37	39]

A: 
B: 
C: [2	4	5	6	7	10	11	14	18	20	21	25	26	27	29	32	36	37	39	40]

Arreglo ordenado: 
[2	4	5	6	7	10	11	14	18	20	21	25	26	27	29	32	36	37	39	40]
