Arreglo inicial: 
[7	12	38	26	8	24	32	39	14	36	33	17	21	29	19	31	2	30	34	11]
-----------------------------------------------------------------------------
[7	12	38	26	8	24	32	39	14	36][33	17	21	29	19	31	2	30	34	11]
[7	12	38	26	8][24	32	39	14	36]
[7	12	38][26	8]
[7	12][38]
[7][12]
[7	12]
[7	12	38]
			[26][8]
			[8	26]
[7	8	12	26	38]
					[24	32	39][14	36]
					[24	32][39]
					[24][32]
					[24	32]
					[24	32	39]
								[14][36]
								[14	36]
					[14	24	32	36	39]
[7	8	12	14	24	26	32	36	38	39]
										[33	17	21	29	19][31	2	30	34	11]
										[33	17	21][29	19]
										[33	17][21]
										[33][17]
										[17	33]
										[17	21	33]
													[29][19]
													[19	29]
										[17	19	21	29	33]
															[31	2	30][34	11]
															[31	2][30]
															[31][2]
															[2	31]
															[2	30	31]
																		[34][11]
																		[11	34]
															[2	11	30	31	34]
										[2	11	17	19	21	29	30	31	33	34]
[2	7	8	11	12	14	17	19	21	24	26	29	30	31	32	33	34	36	38	39]
Arreglo ordenado: 
[2	7	8	11	12	14	17	19	21	24	26	29	30	31	32	33	34	36	38	39]
