953
This: 299
847
This: 318
989
This: 243
946
This: 792
This: 367
898
This: 540
675
This: 637
752
This: 244
949
This: 330
405
509
This: 391
This: 25
This: 5
793
904
This: 270
698
This: 681
880
This: 583
934
This: 378
This: 139
592
909
This: 815
This: 692
This: 497
This: 303
527
This: 344
985
This: 38
423
621
This: 257
543
This: 246
902
This: 174
This: 49
512
This: 260
282
443
918
This: 537
924
This: 107
586
This: 29
66
376
This: 102
291
763
This: 622
This: 484
This: 40
362
This: 186
This: 108
This: 85
807
This: 555
809
This: 604
665
This: 625
This: 27
370
669
693
746
This: 149
762
This: 2
858
This: 459
768
This: 678
767
997
This: 35
818
This: 494
530
877
This: 389
496
This: 42
125
This: 83
208
285
This: 196
207
683
This: 305
498
526
736
This: 562
772
This: 213
323
986
This: 502
617
This: 177
This: 58
732
This: 655
668
928
978
This: 525
This: 62
620
852
This: 135
747
This: 192
377
611
817
This: 616
This: 313
695
This: 183
This: 14
176
690
This: 639
This: 360
720
This: 447
612
This: 133
551
726
This: 485
674
This: 645
This: 1
810
This: 511
769
962
This: 492
This: 182
569
This: 278
This: 65
432
836
This: 741
This: 163
262
503
This: 179
636
This: 407
697
881
This: 728
This: 218
This: 155
556
This: 136
337
357
624
876
This: 844
This: 368
660
663
This: 104
614
761
This: 24
This: 18
327
491
This: 106
225
799
958
This: 103
659
This: 276
738
This: 399
784
803
936
This: 513
729
This: 584
This: 191
783
819
This: 702
This: 55
950
This: 374
787
955
This: 923
This: 19
785
816
This: 521
619
This: 424
This: 60
This: 8
648
863
This: 771
937
This: 341
846
This: 582
626
786
This: 627
This: 129
930
This: 284
737
This: 63
289
952
This: 646
700
This: 209
462
This: 156
This: 23
538
661
853
This: 529
827
This: 236
545
899
This: 380
756
This: 308
531
This: 390
601
This: 45
444
490
This: 267
725
This: 200
This: 128
759
This: 465
961
This: 187
677
This: 593
This: 334
This: 231
829
830
This: 672
This: 350
851
This: 162
316
643
This: 533
This: 445
813
This: 788
867
This: 130
861
This: 311
723
777
This: 395
This: 194
This: 96
385
499
This: 317
This: 79
352
954
This: 714
This: 354
464
823
This: 271
This: 114
404
This: 142
475
This: 252
765
This: 9
247
879
This: 535
581
This: 73
779
This: 640
859
This: 37
253
463
This: 53
This: 15
166
489
This: 473
905
This: 696
This: 332
This: 205
This: 110
574
This: 320
711
This: 384
754
This: 495
This: 335
This: 64
812
This: 146
623
This: 251
This: 52
565
This: 173
401
This: 159
394
470
This: 355
This: 36
406
704
This: 364
938
This: 26
180
This: 115
215
703
995
This: 383
671
717
979
This: 336
457
This: 204
430
552
705
This: 202
This: 7
780
795
This: 190
563
This: 214
This: 188
804
This: 113
321
865
This: 277
This: 144
This: 88
539
694
This: 419
542
606
This: 425
This: 72
801
864
977
This: 273
This: 89
939
This: 534
882
This: 461
This: 428
This: 97
849
993
This: 916
This: 411
460
869
This: 466
798
This: 265
568
This: 479
This: 363
This: 32
This: 30
138
886
This: 122
749
This: 322
673
855
This: 210
This: 167
304
417
This: 86
878
963
This: 929
This: 802
982
This: 43
935
This: 602
This: 325
523
This: 420
This: 80
587
857
This: 216
691
This: 295
515
This: 501
This: 184
472
This: 126
805
This: 778
This: 203
206
346
999
This: 820
This: 261
826
This: 559
638
This: 536
This: 438
843
This: 594
933
This: 340
This: 250
913
This: 153
966
This: 222
478
This: 396
662
822
This: 571
This: 300
971
This: 635
890
This: 230
755
1000
This: 965
This: 41
229
781
This: 649
This: 94
131
506
510
This: 474
590
This: 418
This: 21
991
This: 597
This: 410
This: 255
628
This: 109
This: 16
70
570
This: 51
120
595
This: 235
549
901
This: 348
722
This: 652
This: 333
554
709
This: 221
301
911
This: 227
577
This: 560
This: 298
This: 292
727
835
940
This: 371
421
689
This: 657
980
This: 872
This: 629
974
This: 22
477
870
906
This: 598
941
This: 561
This: 471
634
This: 375
This: 356
This: 170
566
This: 366
507
710
This: 654
This: 71
840
This: 33
845
This: 448
This: 248
667
791
This: 453
469
524
743
This: 381
This: 361
708
This: 302
633
837
This: 766
This: 112
150
599
651
This: 558
This: 393
505
922
This: 753
This: 197
415
This: 241
403
588
607
789
This: 279
839
932
This: 742
This: 319
342
This: 54
256
This: 164
This: 84
345
800
This: 547
This: 158
808
This: 160
409
981
This: 201
This: 119
358
This: 324
This: 121
850
868
This: 124
280
748
This: 642
This: 117
148
730
This: 564
This: 101
579
This: 77
339
416
This: 172
712
This: 67
116
760
This: 4
912
This: 245
This: 47
82
541
860
This: 825
This: 328
776
This: 326
647
This: 217
This: 134
883
This: 10
608
610
907
This: 721
972
This: 397
This: 74
91
548
This: 237
943
This: 347
796
This: 603
This: 76
790
This: 240
This: 78
315
This: 105
This: 56
856
This: 154
This: 44
976
This: 956
This: 650
892
This: 833
919
This: 175
519
994
This: 605
This: 161
365
983
This: 259
871
This: 426
This: 287
296
987
This: 359
This: 269
518
831
This: 314
944
992
This: 272
875
This: 111
968
This: 685
706
This: 193
226
This: 171
468
This: 458
This: 178
446
866
889
This: 382
887
This: 718
821
This: 242
254
716
This: 290
480
750
841
This: 500
This: 338
353
758
This: 147
903
942
This: 34
309
920
This: 797
This: 151
429
707
This: 98
927
This: 286
This: 87
456
951
This: 141
This: 59
152
402
897
This: 687
885
This: 143
281
This: 169
This: 168
454
848
This: 520
This: 482
This: 46
676
This: 118
824
888
969
This: 893
896
This: 544
631
This: 234
449
This: 294
842
This: 249
433
575
This: 481
This: 373
436
This: 157
This: 123
967
This: 75
653
This: 17
516
This: 211
This: 39
514
998
This: 557
This: 312
701
751
This: 427
910
This: 219
682
908
This: 414
This: 297
517
This: 90
This: 6
392
This: 288
This: 48
379
921
This: 199
369
894
This: 11
239
546
This: 127
238
613
757
874
This: 630
This: 413
This: 306
990
This: 615
656
This: 451
This: 422
This: 189
948
This: 832
This: 263
486
This: 412
This: 31
644
This: 488
This: 224
310
This: 185
591
This: 140
476
This: 181
895
This: 724
This: 69
917
This: 293
434
567
This: 266
770
This: 195
553
This: 137
900
This: 228
589
666
This: 467
680
873
This: 493
713
884
This: 734
This: 329
814
This: 578
773
This: 258
988
This: 964
This: 92
232
740
834
This: 731
This: 670
744
This: 532
854
This: 487
This: 223
This: 93
794
This: 641
This: 483
745
This: 349
388
684
This: 528
699
This: 688
This: 387
450
This: 264
398
508
945
This: 775
This: 132
522
576
This: 400
596
This: 81
970
This: 343
984
This: 926
This: 212
600
This: 99
452
This: 283
386
733
774
811
This: 268
440
975
This: 664
764
This: 435
This: 28
This: 20
806
This: 198
679
959
This: 658
782
This: 95
585
This: 68
960
This: 891
This: 455
This: 57
This: 12
50
862
915
This: 573
This: 274
504
957
This: 431
735
914
This: 441
This: 437
This: 372
439
This: 307
632
This: 580
618
This: 408
973
This: 739
This: 719
This: 331
996
This: 572
686
This: 442
715
This: 275
609
This: 351
925
This: 61
220
838
This: 3
828
This: 550
This: 100
931
947
This: 233
This: 165
This: 13
145
ALGO PASO