Arreglo inicial: 
[7	12	38	26	8	24	32	39	14	36	33	17	21	29	19	31	2	30	34	11]
-----------------------------------------------------------------------------
[7	12	38	26	8	24	32	39][14	36	33	17	21	29	19	31	2	30	34	11]
[39	32	24	8	26	38	12	7][14	36	33	17	21	29	19	31	2	30	34	11]
[11	34	30	2	31	19	29	21	17	33	36	14	7	12	38	26	8	24	32	39]

[11	34	30	2	31	19	29	21	17	33	36	14	7	12	38][26	8	24	32	39]
[38	12	7	14	36	33	17	21	29	19	31	2	30	34	11][26	8	24	32	39]
[32	24	8	26	11	34	30	2	31	19	29	21	17	33	36	14	7	12	38	39]

[32	24	8	26	11	34	30	2	31	19	29	21	17	33	36][14	7	12	38	39]
[36	33	17	21	29	19	31	2	30	34	11	26	8	24	32][14	7	12	38	39]
[12	7	14	32	24	8	26	11	34	30	2	31	19	29	21	17	33	36	38	39]

[12	7	14	32	24	8	26	11	34][30	2	31	19	29	21	17	33	36	38	39]
[34	11	26	8	24	32	14	7	12][30	2	31	19	29	21	17	33	36	38	39]
[33	17	21	29	19	31	2	30	12	7	14	32	24	8	26	11	34	36	38	39]

[33][17	21	29	19	31	2	30	12	7	14	32	24	8	26	11	34	36	38	39]
[33][17	21	29	19	31	2	30	12	7	14	32	24	8	26	11	34	36	38	39]
[11	26	8	24	32	14	7	12	30	2	31	19	29	21	17	33	34	36	38	39]

[11	26	8	24	32][14	7	12	30	2	31	19	29	21	17	33	34	36	38	39]
[32	24	8	26	11][14	7	12	30	2	31	19	29	21	17	33	34	36	38	39]
[17	21	29	19	31	2	30	12	7	14	11	26	8	24	32	33	34	36	38	39]

[17	21	29	19	31][2	30	12	7	14	11	26	8	24	32	33	34	36	38	39]
[31	19	29	21	17][2	30	12	7	14	11	26	8	24	32	33	34	36	38	39]
[24	8	26	11	14	7	12	30	2	17	21	29	19	31	32	33	34	36	38	39]

[24	8	26	11	14	7	12	30][2	17	21	29	19	31	32	33	34	36	38	39]
[30	12	7	14	11	26	8	24][2	17	21	29	19	31	32	33	34	36	38	39]
[19	29	21	17	2	24	8	26	11	14	7	12	30	31	32	33	34	36	38	39]

[19	29][21	17	2	24	8	26	11	14	7	12	30	31	32	33	34	36	38	39]
[29	19][21	17	2	24	8	26	11	14	7	12	30	31	32	33	34	36	38	39]
[12	7	14	11	26	8	24	2	17	21	19	29	30	31	32	33	34	36	38	39]

[12	7	14	11	26][8	24	2	17	21	19	29	30	31	32	33	34	36	38	39]
[26	11	14	7	12][8	24	2	17	21	19	29	30	31	32	33	34	36	38	39]
[19	21	17	2	24	8	12	7	14	11	26	29	30	31	32	33	34	36	38	39]

[19	21	17	2	24][8	12	7	14	11	26	29	30	31	32	33	34	36	38	39]
[24	2	17	21	19][8	12	7	14	11	26	29	30	31	32	33	34	36	38	39]
[11	14	7	12	8	19	21	17	2	24	26	29	30	31	32	33	34	36	38	39]

[11	14	7	12	8	19	21][17	2	24	26	29	30	31	32	33	34	36	38	39]
[21	19	8	12	7	14	11][17	2	24	26	29	30	31	32	33	34	36	38	39]
[2	17	11	14	7	12	8	19	21	24	26	29	30	31	32	33	34	36	38	39]

[2	17	11	14	7	12	8	19][21	24	26	29	30	31	32	33	34	36	38	39]
[19	8	12	7	14	11	17	2][21	24	26	29	30	31	32	33	34	36	38	39]
[2	17	11	14	7	12	8	19	21	24	26	29	30	31	32	33	34	36	38	39]

[2	17][11	14	7	12	8	19	21	24	26	29	30	31	32	33	34	36	38	39]
[17	2][11	14	7	12	8	19	21	24	26	29	30	31	32	33	34	36	38	39]
[8	12	7	14	11	2	17	19	21	24	26	29	30	31	32	33	34	36	38	39]

[8	12	7	14][11	2	17	19	21	24	26	29	30	31	32	33	34	36	38	39]
[14	7	12	8][11	2	17	19	21	24	26	29	30	31	32	33	34	36	38	39]
[2	11	8	12	7	14	17	19	21	24	26	29	30	31	32	33	34	36	38	39]

[2	11	8	12][7	14	17	19	21	24	26	29	30	31	32	33	34	36	38	39]
[12	8	11	2][7	14	17	19	21	24	26	29	30	31	32	33	34	36	38	39]
[7	2	11	8	12	14	17	19	21	24	26	29	30	31	32	33	34	36	38	39]

[7	2	11][8	12	14	17	19	21	24	26	29	30	31	32	33	34	36	38	39]
[11	2	7][8	12	14	17	19	21	24	26	29	30	31	32	33	34	36	38	39]
[8	7	2	11	12	14	17	19	21	24	26	29	30	31	32	33	34	36	38	39]

[8][7	2	11	12	14	17	19	21	24	26	29	30	31	32	33	34	36	38	39]
[8][7	2	11	12	14	17	19	21	24	26	29	30	31	32	33	34	36	38	39]
[2	7	8	11	12	14	17	19	21	24	26	29	30	31	32	33	34	36	38	39]

[2	7][8	11	12	14	17	19	21	24	26	29	30	31	32	33	34	36	38	39]
[7	2][8	11	12	14	17	19	21	24	26	29	30	31	32	33	34	36	38	39]
[2	7	8	11	12	14	17	19	21	24	26	29	30	31	32	33	34	36	38	39]

[2][7	8	11	12	14	17	19	21	24	26	29	30	31	32	33	34	36	38	39]
[2][7	8	11	12	14	17	19	21	24	26	29	30	31	32	33	34	36	38	39]
[2	7	8	11	12	14	17	19	21	24	26	29	30	31	32	33	34	36	38	39]

Arreglo ordenado: 
[2	7	8	11	12	14	17	19	21	24	26	29	30	31	32	33	34	36	38	39]
