Arreglo inicial: 
[40	20	18	2	36	32	25	6	26	37	21	39	27	29	7	4	5	14	11	10]
-----------------------------------------------------------------------------
Nidos de paloma:
[0	0	0	0	0	0	0	0	0	0	0	0	0	0	0	0	0	0	0	0	0	0	0	0	0	0	0	0	0	0	0	0	0	0	0	0	0	0	0]
Nidos de paloma
[1	0	1	1	1	1	0	0	1	1	0	0	1	0	0	0	1	0	1	1	0	0	0	1	1	1	0	1	0	0	1	0	0	0	1	1	0	1	1]
Sacando los elementos de los nidos
[2]
[2	4]
[2	4	5]
[2	4	5	6]
[2	4	5	6	7]
[2	4	5	6	7	10]
[2	4	5	6	7	10	11]
[2	4	5	6	7	10	11	14]
[2	4	5	6	7	10	11	14	18]
[2	4	5	6	7	10	11	14	18	20]
[2	4	5	6	7	10	11	14	18	20	21]
[2	4	5	6	7	10	11	14	18	20	21	25]
[2	4	5	6	7	10	11	14	18	20	21	25	26]
[2	4	5	6	7	10	11	14	18	20	21	25	26	27]
[2	4	5	6	7	10	11	14	18	20	21	25	26	27	29]
[2	4	5	6	7	10	11	14	18	20	21	25	26	27	29	32]
[2	4	5	6	7	10	11	14	18	20	21	25	26	27	29	32	36]
[2	4	5	6	7	10	11	14	18	20	21	25	26	27	29	32	36	37]
[2	4	5	6	7	10	11	14	18	20	21	25	26	27	29	32	36	37	39]
[2	4	5	6	7	10	11	14	18	20	21	25	26	27	29	32	36	37	39	40]
Arreglo ordenado: 
[2	4	5	6	7	10	11	14	18	20	21	25	26	27	29	32	36	37	39	40]
