Arreglo inicial: 
[7	12	38	26	8	24	32	39	14	36	33	17	21	29	19	31	2	30	34	11]
-----------------------------------------------------------------------------
[7	12	38	26	8	24	32	39	14	36	33	17	21	29	19	31	2	30	34	11]
[7	12	38	26	8	24	32	39	14	36	33	17	21	29]
[7	12	38	26	8	24	32	39	14	36]
[7	12	38	26	8	24	32]
[7	12	38	26	8]
[7	12	38	26]
[7	12	38]
[7	12]
	[12	38]
[7	12]
	[12	38	26]
	[12	38]
		[38	26]
	[12	26]
[7	12	26]
[7	12]
	[12	26]
[7	12]
	[12	26	38	8]
	[8	26	38]
	[8	26]
		[26	38]
	[8	26]
		[26	38	12]
		[12	38]
			[38	26]
		[12	26]
	[8	12	26]
	[8	12]
		[12	26]
	[8	12]
[7	8	12	26]
[7	8	12]
[7	8]
	[8	12]
[7	8]
	[8	12	26]
	[8	12]
		[12	26]
	[8	12]
[7	8	12]
[7	8]
	[8	12]
[7	8]
		[12	26	38	24	32]
		[12	26	38	24]
		[12	26	38]
		[12	26]
			[26	38]
		[12	26]
			[26	38	24]
			[24	38]
				[38	26]
			[24	26]
		[12	24	26]
		[12	24]
			[24	26]
		[12	24]
			[24	26	38	32]
			[24	26	38]
			[24	26]
				[26	38]
			[24	26]
				[26	38	32]
				[26	38]
					[38	32]
				[26	32]
			[24	26	32]
			[24	26]
				[26	32]
			[24	26]
		[12	24	26	32]
		[12	24	26]
		[12	24]
			[24	26]
		[12	24]
			[24	26	32]
			[24	26]
				[26	32]
			[24	26]
		[12	24	26]
		[12	24]
			[24	26]
		[12	24]
[7	8	12	24	26]
[7	8	12	24]
[7	8	12]
[7	8]
	[8	12]
[7	8]
	[8	12	24]
	[8	12]
		[12	24]
	[8	12]
[7	8	12]
[7	8]
	[8	12]
[7	8]
	[8	12	24	26]
	[8	12	24]
	[8	12]
		[12	24]
	[8	12]
		[12	24	26]
		[12	24]
			[24	26]
		[12	24]
	[8	12	24]
	[8	12]
		[12	24]
	[8	12]
[7	8	12	24]
[7	8	12]
[7	8]
	[8	12]
[7	8]
	[8	12	24]
	[8	12]
		[12	24]
	[8	12]
[7	8	12]
[7	8]
	[8	12]
[7	8]
			[24	26	32	38	39	14	36]
			[24	26	32	38	39]
			[24	26	32	38]
			[24	26	32]
			[24	26]
				[26	32]
			[24	26]
				[26	32	38]
				[26	32]
					[32	38]
				[26	32]
			[24	26	32]
			[24	26]
				[26	32]
			[24	26]
				[26	32	38	39]
				[26	32	38]
				[26	32]
					[32	38]
				[26	32]
					[32	38	39]
					[32	38]
						[38	39]
					[32	38]
				[26	32	38]
				[26	32]
					[32	38]
				[26	32]
			[24	26	32	38]
			[24	26	32]
			[24	26]
				[26	32]
			[24	26]
				[26	32	38]
				[26	32]
					[32	38]
				[26	32]
			[24	26	32]
			[24	26]
				[26	32]
			[24	26]
					[32	38	39	14	36]
					[32	38	39	14]
					[14	38	39]
					[14	38]
						[38	39]
					[14	38]
						[38	39	32]
						[32	39]
							[39	38]
						[32	38]
					[14	32	38]
					[14	32]
						[32	38]
					[14	32]
						[32	38	39	36]
						[32	38	39]
						[32	38]
							[38	39]
						[32	38]
							[38	39	36]
							[36	39]
								[39	38]
							[36	38]
						[32	36	38]
						[32	36]
							[36	38]
						[32	36]
					[14	32	36	38]
					[14	32	36]
					[14	32]
						[32	36]
					[14	32]
						[32	36	38]
						[32	36]
							[36	38]
						[32	36]
					[14	32	36]
					[14	32]
						[32	36]
					[14	32]
			[24	26	14	32	36]
			[24	26	14	32]
			[24	26	14]
			[14	26]
				[26	24]
			[14	24]
				[24	26	32]
				[24	26]
					[26	32]
				[24	26]
			[14	24	26]
			[14	24]
				[24	26]
			[14	24]
				[24	26	32	36]
				[24	26	32]
				[24	26]
					[26	32]
				[24	26]
					[26	32	36]
					[26	32]
						[32	36]
					[26	32]
				[24	26	32]
				[24	26]
					[26	32]
				[24	26]
			[14	24	26	32]
			[14	24	26]
			[14	24]
				[24	26]
			[14	24]
				[24	26	32]
				[24	26]
					[26	32]
				[24	26]
			[14	24	26]
			[14	24]
				[24	26]
			[14	24]
[7	8	12	14	24	26	32]
[7	8	12	14	24]
[7	8	12	14]
[7	8	12]
[7	8]
	[8	12]
[7	8]
	[8	12	14]
	[8	12]
		[12	14]
	[8	12]
[7	8	12]
[7	8]
	[8	12]
[7	8]
	[8	12	14	24]
	[8	12	14]
	[8	12]
		[12	14]
	[8	12]
		[12	14	24]
		[12	14]
			[14	24]
		[12	14]
	[8	12	14]
	[8	12]
		[12	14]
	[8	12]
[7	8	12	14]
[7	8	12]
[7	8]
	[8	12]
[7	8]
	[8	12	14]
	[8	12]
		[12	14]
	[8	12]
[7	8	12]
[7	8]
	[8	12]
[7	8]
		[12	14	24	26	32]
		[12	14	24	26]
		[12	14	24]
		[12	14]
			[14	24]
		[12	14]
			[14	24	26]
			[14	24]
				[24	26]
			[14	24]
		[12	14	24]
		[12	14]
			[14	24]
		[12	14]
			[14	24	26	32]
			[14	24	26]
			[14	24]
				[24	26]
			[14	24]
				[24	26	32]
				[24	26]
					[26	32]
				[24	26]
			[14	24	26]
			[14	24]
				[24	26]
			[14	24]
		[12	14	24	26]
		[12	14	24]
		[12	14]
			[14	24]
		[12	14]
			[14	24	26]
			[14	24]
				[24	26]
			[14	24]
		[12	14	24]
		[12	14]
			[14	24]
		[12	14]
[7	8	12	14	24]
[7	8	12	14]
[7	8	12]
[7	8]
	[8	12]
[7	8]
	[8	12	14]
	[8	12]
		[12	14]
	[8	12]
[7	8	12]
[7	8]
	[8	12]
[7	8]
	[8	12	14	24]
	[8	12	14]
	[8	12]
		[12	14]
	[8	12]
		[12	14	24]
		[12	14]
			[14	24]
		[12	14]
	[8	12	14]
	[8	12]
		[12	14]
	[8	12]
[7	8	12	14]
[7	8	12]
[7	8]
	[8	12]
[7	8]
	[8	12	14]
	[8	12]
		[12	14]
	[8	12]
[7	8	12]
[7	8]
	[8	12]
[7	8]
				[24	26	32	36	38	39	33	17	21	29]
				[24	26	32	36	38	39	33]
				[24	26	32	36	38]
				[24	26	32	36]
				[24	26	32]
				[24	26]
					[26	32]
				[24	26]
					[26	32	36]
					[26	32]
						[32	36]
					[26	32]
				[24	26	32]
				[24	26]
					[26	32]
				[24	26]
					[26	32	36	38]
					[26	32	36]
					[26	32]
						[32	36]
					[26	32]
						[32	36	38]
						[32	36]
							[36	38]
						[32	36]
					[26	32	36]
					[26	32]
						[32	36]
					[26	32]
				[24	26	32	36]
				[24	26	32]
				[24	26]
					[26	32]
				[24	26]
					[26	32	36]
					[26	32]
						[32	36]
					[26	32]
				[24	26	32]
				[24	26]
					[26	32]
				[24	26]
						[32	36	38	39	33]
						[32	36	38	39]
						[32	36	38]
						[32	36]
							[36	38]
						[32	36]
							[36	38	39]
							[36	38]
								[38	39]
							[36	38]
						[32	36	38]
						[32	36]
							[36	38]
						[32	36]
							[36	38	39	33]
							[33	38	39]
							[33	38]
								[38	39]
							[33	38]
								[38	39	36]
								[36	39]
									[39	38]
								[36	38]
							[33	36	38]
							[33	36]
								[36	38]
							[33	36]
						[32	33	36	38]
						[32	33	36]
						[32	33]
							[33	36]
						[32	33]
							[33	36	38]
							[33	36]
								[36	38]
							[33	36]
						[32	33	36]
						[32	33]
							[33	36]
						[32	33]
				[24	26	32	33	36]
				[24	26	32	33]
				[24	26	32]
				[24	26]
					[26	32]
				[24	26]
					[26	32	33]
					[26	32]
						[32	33]
					[26	32]
				[24	26	32]
				[24	26]
					[26	32]
				[24	26]
					[26	32	33	36]
					[26	32	33]
					[26	32]
						[32	33]
					[26	32]
						[32	33	36]
						[32	33]
							[33	36]
						[32	33]
					[26	32	33]
					[26	32]
						[32	33]
					[26	32]
				[24	26	32	33]
				[24	26	32]
				[24	26]
					[26	32]
				[24	26]
					[26	32	33]
					[26	32]
						[32	33]
					[26	32]
				[24	26	32]
				[24	26]
					[26	32]
				[24	26]
							[33	36	38	39	17	21	29]
							[29	36	38	39	17]
							[17	36	38	39]
							[17	36	38]
							[17	36]
								[36	38]
							[17	36]
								[36	38	39]
								[36	38]
									[38	39]
								[36	38]
							[17	36	38]
							[17	36]
								[36	38]
							[17	36]
								[36	38	39	29]
								[29	38	39]
								[29	38]
									[38	39]
								[29	38]
									[38	39	36]
									[36	39]
										[39	38]
									[36	38]
								[29	36	38]
								[29	36]
									[36	38]
								[29	36]
							[17	29	36	38]
							[17	29	36]
							[17	29]
								[29	36]
							[17	29]
								[29	36	38]
								[29	36]
									[36	38]
								[29	36]
							[17	29	36]
							[17	29]
								[29	36]
							[17	29]
									[36	38	39	21	33]
									[33	38	39	21]
									[21	38	39]
									[21	38]
										[38	39]
									[21	38]
										[38	39	33]
										[33	39]
											[39	38]
										[33	38]
									[21	33	38]
									[21	33]
										[33	38]
									[21	33]
										[33	38	39	36]
										[33	38	39]
										[33	38]
											[38	39]
										[33	38]
											[38	39	36]
											[36	39]
												[39	38]
											[36	38]
										[33	36	38]
										[33	36]
											[36	38]
										[33	36]
									[21	33	36	38]
									[21	33	36]
									[21	33]
										[33	36]
									[21	33]
										[33	36	38]
										[33	36]
											[36	38]
										[33	36]
									[21	33	36]
									[21	33]
										[33	36]
									[21	33]
							[17	29	21	33	36]
							[17	29	21	33]
							[17	29	21]
							[17	29]
								[29	21]
							[17	21]
								[21	29	33]
								[21	29]
									[29	33]
								[21	29]
							[17	21	29]
							[17	21]
								[21	29]
							[17	21]
								[21	29	33	36]
								[21	29	33]
								[21	29]
									[29	33]
								[21	29]
									[29	33	36]
									[29	33]
										[33	36]
									[29	33]
								[21	29	33]
								[21	29]
									[29	33]
								[21	29]
							[17	21	29	33]
							[17	21	29]
							[17	21]
								[21	29]
							[17	21]
								[21	29	33]
								[21	29]
									[29	33]
								[21	29]
							[17	21	29]
							[17	21]
								[21	29]
							[17	21]
				[24	26	32	17	21	29	33]
				[24	26	32	17	21]
				[21	26	32	17]
				[17	26	32]
				[17	26]
					[26	32]
				[17	26]
					[26	32	21]
					[21	32]
						[32	26]
					[21	26]
				[17	21	26]
				[17	21]
					[21	26]
				[17	21]
					[21	26	32	24]
					[21	26	32]
					[21	26]
						[26	32]
					[21	26]
						[26	32	24]
						[24	32]
							[32	26]
						[24	26]
					[21	24	26]
					[21	24]
						[24	26]
					[21	24]
				[17	21	24	26]
				[17	21	24]
				[17	21]
					[21	24]
				[17	21]
					[21	24	26]
					[21	24]
						[24	26]
					[21	24]
				[17	21	24]
				[17	21]
					[21	24]
				[17	21]
						[24	26	32	29	33]
						[24	26	32	29]
						[24	26	32]
						[24	26]
							[26	32]
						[24	26]
							[26	32	29]
							[26	32]
								[32	29]
							[26	29]
						[24	26	29]
						[24	26]
							[26	29]
						[24	26]
							[26	29	32	33]
							[26	29	32]
							[26	29]
								[29	32]
							[26	29]
								[29	32	33]
								[29	32]
									[32	33]
								[29	32]
							[26	29	32]
							[26	29]
								[29	32]
							[26	29]
						[24	26	29	32]
						[24	26	29]
						[24	26]
							[26	29]
						[24	26]
							[26	29	32]
							[26	29]
								[29	32]
							[26	29]
						[24	26	29]
						[24	26]
							[26	29]
						[24	26]
				[17	21	24	26	29]
				[17	21	24	26]
				[17	21	24]
				[17	21]
					[21	24]
				[17	21]
					[21	24	26]
					[21	24]
						[24	26]
					[21	24]
				[17	21	24]
				[17	21]
					[21	24]
				[17	21]
					[21	24	26	29]
					[21	24	26]
					[21	24]
						[24	26]
					[21	24]
						[24	26	29]
						[24	26]
							[26	29]
						[24	26]
					[21	24	26]
					[21	24]
						[24	26]
					[21	24]
				[17	21	24	26]
				[17	21	24]
				[17	21]
					[21	24]
				[17	21]
					[21	24	26]
					[21	24]
						[24	26]
					[21	24]
				[17	21	24]
				[17	21]
					[21	24]
				[17	21]
[7	8	12	14	17	21	24	26	29	32]
[7	8	12	14	17	21	24]
[7	8	12	14	17]
[7	8	12	14]
[7	8	12]
[7	8]
	[8	12]
[7	8]
	[8	12	14]
	[8	12]
		[12	14]
	[8	12]
[7	8	12]
[7	8]
	[8	12]
[7	8]
	[8	12	14	17]
	[8	12	14]
	[8	12]
		[12	14]
	[8	12]
		[12	14	17]
		[12	14]
			[14	17]
		[12	14]
	[8	12	14]
	[8	12]
		[12	14]
	[8	12]
[7	8	12	14]
[7	8	12]
[7	8]
	[8	12]
[7	8]
	[8	12	14]
	[8	12]
		[12	14]
	[8	12]
[7	8	12]
[7	8]
	[8	12]
[7	8]
		[12	14	17	21	24]
		[12	14	17	21]
		[12	14	17]
		[12	14]
			[14	17]
		[12	14]
			[14	17	21]
			[14	17]
				[17	21]
			[14	17]
		[12	14	17]
		[12	14]
			[14	17]
		[12	14]
			[14	17	21	24]
			[14	17	21]
			[14	17]
				[17	21]
			[14	17]
				[17	21	24]
				[17	21]
					[21	24]
				[17	21]
			[14	17	21]
			[14	17]
				[17	21]
			[14	17]
		[12	14	17	21]
		[12	14	17]
		[12	14]
			[14	17]
		[12	14]
			[14	17	21]
			[14	17]
				[17	21]
			[14	17]
		[12	14	17]
		[12	14]
			[14	17]
		[12	14]
[7	8	12	14	17]
[7	8	12	14]
[7	8	12]
[7	8]
	[8	12]
[7	8]
	[8	12	14]
	[8	12]
		[12	14]
	[8	12]
[7	8	12]
[7	8]
	[8	12]
[7	8]
	[8	12	14	17]
	[8	12	14]
	[8	12]
		[12	14]
	[8	12]
		[12	14	17]
		[12	14]
			[14	17]
		[12	14]
	[8	12	14]
	[8	12]
		[12	14]
	[8	12]
[7	8	12	14]
[7	8	12]
[7	8]
	[8	12]
[7	8]
	[8	12	14]
	[8	12]
		[12	14]
	[8	12]
[7	8	12]
[7	8]
	[8	12]
[7	8]
			[14	17	21	24	26	29	32]
			[14	17	21	24	26]
			[14	17	21	24]
			[14	17	21]
			[14	17]
				[17	21]
			[14	17]
				[17	21	24]
				[17	21]
					[21	24]
				[17	21]
			[14	17	21]
			[14	17]
				[17	21]
			[14	17]
				[17	21	24	26]
				[17	21	24]
				[17	21]
					[21	24]
				[17	21]
					[21	24	26]
					[21	24]
						[24	26]
					[21	24]
				[17	21	24]
				[17	21]
					[21	24]
				[17	21]
			[14	17	21	24]
			[14	17	21]
			[14	17]
				[17	21]
			[14	17]
				[17	21	24]
				[17	21]
					[21	24]
				[17	21]
			[14	17	21]
			[14	17]
				[17	21]
			[14	17]
					[21	24	26	29	32]
					[21	24	26	29]
					[21	24	26]
					[21	24]
						[24	26]
					[21	24]
						[24	26	29]
						[24	26]
							[26	29]
						[24	26]
					[21	24	26]
					[21	24]
						[24	26]
					[21	24]
						[24	26	29	32]
						[24	26	29]
						[24	26]
							[26	29]
						[24	26]
							[26	29	32]
							[26	29]
								[29	32]
							[26	29]
						[24	26	29]
						[24	26]
							[26	29]
						[24	26]
					[21	24	26	29]
					[21	24	26]
					[21	24]
						[24	26]
					[21	24]
						[24	26	29]
						[24	26]
							[26	29]
						[24	26]
					[21	24	26]
					[21	24]
						[24	26]
					[21	24]
			[14	17	21	24	26]
			[14	17	21	24]
			[14	17	21]
			[14	17]
				[17	21]
			[14	17]
				[17	21	24]
				[17	21]
					[21	24]
				[17	21]
			[14	17	21]
			[14	17]
				[17	21]
			[14	17]
				[17	21	24	26]
				[17	21	24]
				[17	21]
					[21	24]
				[17	21]
					[21	24	26]
					[21	24]
						[24	26]
					[21	24]
				[17	21	24]
				[17	21]
					[21	24]
				[17	21]
			[14	17	21	24]
			[14	17	21]
			[14	17]
				[17	21]
			[14	17]
				[17	21	24]
				[17	21]
					[21	24]
				[17	21]
			[14	17	21]
			[14	17]
				[17	21]
			[14	17]
[7	8	12	14	17	21	24]
[7	8	12	14	17]
[7	8	12	14]
[7	8	12]
[7	8]
	[8	12]
[7	8]
	[8	12	14]
	[8	12]
		[12	14]
	[8	12]
[7	8	12]
[7	8]
	[8	12]
[7	8]
	[8	12	14	17]
	[8	12	14]
	[8	12]
		[12	14]
	[8	12]
		[12	14	17]
		[12	14]
			[14	17]
		[12	14]
	[8	12	14]
	[8	12]
		[12	14]
	[8	12]
[7	8	12	14]
[7	8	12]
[7	8]
	[8	12]
[7	8]
	[8	12	14]
	[8	12]
		[12	14]
	[8	12]
[7	8	12]
[7	8]
	[8	12]
[7	8]
		[12	14	17	21	24]
		[12	14	17	21]
		[12	14	17]
		[12	14]
			[14	17]
		[12	14]
			[14	17	21]
			[14	17]
				[17	21]
			[14	17]
		[12	14	17]
		[12	14]
			[14	17]
		[12	14]
			[14	17	21	24]
			[14	17	21]
			[14	17]
				[17	21]
			[14	17]
				[17	21	24]
				[17	21]
					[21	24]
				[17	21]
			[14	17	21]
			[14	17]
				[17	21]
			[14	17]
		[12	14	17	21]
		[12	14	17]
		[12	14]
			[14	17]
		[12	14]
			[14	17	21]
			[14	17]
				[17	21]
			[14	17]
		[12	14	17]
		[12	14]
			[14	17]
		[12	14]
[7	8	12	14	17]
[7	8	12	14]
[7	8	12]
[7	8]
	[8	12]
[7	8]
	[8	12	14]
	[8	12]
		[12	14]
	[8	12]
[7	8	12]
[7	8]
	[8	12]
[7	8]
	[8	12	14	17]
	[8	12	14]
	[8	12]
		[12	14]
	[8	12]
		[12	14	17]
		[12	14]
			[14	17]
		[12	14]
	[8	12	14]
	[8	12]
		[12	14]
	[8	12]
[7	8	12	14]
[7	8	12]
[7	8]
	[8	12]
[7	8]
	[8	12	14]
	[8	12]
		[12	14]
	[8	12]
[7	8	12]
[7	8]
	[8	12]
[7	8]
						[24	26	29	32	33	36	38	39	19	31	2	30	34	11]
						[11	26	29	32	33	36	38	39	19	31]
						[11	26	29	32	33	36	38]
						[11	26	29	32	33]
						[11	26	29	32]
						[11	26	29]
						[11	26]
							[26	29]
						[11	26]
							[26	29	32]
							[26	29]
								[29	32]
							[26	29]
						[11	26	29]
						[11	26]
							[26	29]
						[11	26]
							[26	29	32	33]
							[26	29	32]
							[26	29]
								[29	32]
							[26	29]
								[29	32	33]
								[29	32]
									[32	33]
								[29	32]
							[26	29	32]
							[26	29]
								[29	32]
							[26	29]
						[11	26	29	32]
						[11	26	29]
						[11	26]
							[26	29]
						[11	26]
							[26	29	32]
							[26	29]
								[29	32]
							[26	29]
						[11	26	29]
						[11	26]
							[26	29]
						[11	26]
								[29	32	33	36	38]
								[29	32	33	36]
								[29	32	33]
								[29	32]
									[32	33]
								[29	32]
									[32	33	36]
									[32	33]
										[33	36]
									[32	33]
								[29	32	33]
								[29	32]
									[32	33]
								[29	32]
									[32	33	36	38]
									[32	33	36]
									[32	33]
										[33	36]
									[32	33]
										[33	36	38]
										[33	36]
											[36	38]
										[33	36]
									[32	33	36]
									[32	33]
										[33	36]
									[32	33]
								[29	32	33	36]
								[29	32	33]
								[29	32]
									[32	33]
								[29	32]
									[32	33	36]
									[32	33]
										[33	36]
									[32	33]
								[29	32	33]
								[29	32]
									[32	33]
								[29	32]
						[11	26	29	32	33]
						[11	26	29	32]
						[11	26	29]
						[11	26]
							[26	29]
						[11	26]
							[26	29	32]
							[26	29]
								[29	32]
							[26	29]
						[11	26	29]
						[11	26]
							[26	29]
						[11	26]
							[26	29	32	33]
							[26	29	32]
							[26	29]
								[29	32]
							[26	29]
								[29	32	33]
								[29	32]
									[32	33]
								[29	32]
							[26	29	32]
							[26	29]
								[29	32]
							[26	29]
						[11	26	29	32]
						[11	26	29]
						[11	26]
							[26	29]
						[11	26]
							[26	29	32]
							[26	29]
								[29	32]
							[26	29]
						[11	26	29]
						[11	26]
							[26	29]
						[11	26]
									[32	33	36	38	39	19	31]
									[31	33	36	38	39]
									[31	33	36	38]
									[31	33	36]
									[31	33]
										[33	36]
									[31	33]
										[33	36	38]
										[33	36]
											[36	38]
										[33	36]
									[31	33	36]
									[31	33]
										[33	36]
									[31	33]
										[33	36	38	39]
										[33	36	38]
										[33	36]
											[36	38]
										[33	36]
											[36	38	39]
											[36	38]
												[38	39]
											[36	38]
										[33	36	38]
										[33	36]
											[36	38]
										[33	36]
									[31	33	36	38]
									[31	33	36]
									[31	33]
										[33	36]
									[31	33]
										[33	36	38]
										[33	36]
											[36	38]
										[33	36]
									[31	33	36]
									[31	33]
										[33	36]
									[31	33]
											[36	38	39	19	32]
											[32	38	39	19]
											[19	38	39]
											[19	38]
												[38	39]
											[19	38]
												[38	39	32]
												[32	39]
													[39	38]
												[32	38]
											[19	32	38]
											[19	32]
												[32	38]
											[19	32]
												[32	38	39	36]
												[32	38	39]
												[32	38]
													[38	39]
												[32	38]
													[38	39	36]
													[36	39]
														[39	38]
													[36	38]
												[32	36	38]
												[32	36]
													[36	38]
												[32	36]
											[19	32	36	38]
											[19	32	36]
											[19	32]
												[32	36]
											[19	32]
												[32	36	38]
												[32	36]
													[36	38]
												[32	36]
											[19	32	36]
											[19	32]
												[32	36]
											[19	32]
									[31	33	19	32	36]
									[31	33	19	32]
									[31	33	19]
									[19	33]
										[33	31]
									[19	31]
										[31	33	32]
										[31	33]
											[33	32]
										[31	32]
									[19	31	32]
									[19	31]
										[31	32]
									[19	31]
										[31	32	33	36]
										[31	32	33]
										[31	32]
											[32	33]
										[31	32]
											[32	33	36]
											[32	33]
												[33	36]
											[32	33]
										[31	32	33]
										[31	32]
											[32	33]
										[31	32]
									[19	31	32	33]
									[19	31	32]
									[19	31]
										[31	32]
									[19	31]
										[31	32	33]
										[31	32]
											[32	33]
										[31	32]
									[19	31	32]
									[19	31]
										[31	32]
									[19	31]
						[11	26	29	19	31	32	33]
						[11	26	29	19	31]
						[11	26	29	19]
						[11	26	29]
						[11	26]
							[26	29]
						[11	26]
							[26	29	19]
							[19	29]
								[29	26]
							[19	26]
						[11	19	26]
						[11	19]
							[19	26]
						[11	19]
							[19	26	29	31]
							[19	26	29]
							[19	26]
								[26	29]
							[19	26]
								[26	29	31]
								[26	29]
									[29	31]
								[26	29]
							[19	26	29]
							[19	26]
								[26	29]
							[19	26]
						[11	19	26	29]
						[11	19	26]
						[11	19]
							[19	26]
						[11	19]
							[19	26	29]
							[19	26]
								[26	29]
							[19	26]
						[11	19	26]
						[11	19]
							[19	26]
						[11	19]
								[26	29	31	32	33]
								[26	29	31	32]
								[26	29	31]
								[26	29]
									[29	31]
								[26	29]
									[29	31	32]
									[29	31]
										[31	32]
									[29	31]
								[26	29	31]
								[26	29]
									[29	31]
								[26	29]
									[29	31	32	33]
									[29	31	32]
									[29	31]
										[31	32]
									[29	31]
										[31	32	33]
										[31	32]
											[32	33]
										[31	32]
									[29	31	32]
									[29	31]
										[31	32]
									[29	31]
								[26	29	31	32]
								[26	29	31]
								[26	29]
									[29	31]
								[26	29]
									[29	31	32]
									[29	31]
										[31	32]
									[29	31]
								[26	29	31]
								[26	29]
									[29	31]
								[26	29]
						[11	19	26	29	31]
						[11	19	26	29]
						[11	19	26]
						[11	19]
							[19	26]
						[11	19]
							[19	26	29]
							[19	26]
								[26	29]
							[19	26]
						[11	19	26]
						[11	19]
							[19	26]
						[11	19]
							[19	26	29	31]
							[19	26	29]
							[19	26]
								[26	29]
							[19	26]
								[26	29	31]
								[26	29]
									[29	31]
								[26	29]
							[19	26	29]
							[19	26]
								[26	29]
							[19	26]
						[11	19	26	29]
						[11	19	26]
						[11	19]
							[19	26]
						[11	19]
							[19	26	29]
							[19	26]
								[26	29]
							[19	26]
						[11	19	26]
						[11	19]
							[19	26]
						[11	19]
										[31	32	33	36	38	39	2	30	34	24]
										[24	32	33	36	38	39	2]
										[2	32	33	36	38]
										[2	32	33	36]
										[2	32	33]
										[2	32]
											[32	33]
										[2	32]
											[32	33	36]
											[32	33]
												[33	36]
											[32	33]
										[2	32	33]
										[2	32]
											[32	33]
										[2	32]
											[32	33	36	38]
											[32	33	36]
											[32	33]
												[33	36]
											[32	33]
												[33	36	38]
												[33	36]
													[36	38]
												[33	36]
											[32	33	36]
											[32	33]
												[33	36]
											[32	33]
										[2	32	33	36]
										[2	32	33]
										[2	32]
											[32	33]
										[2	32]
											[32	33	36]
											[32	33]
												[33	36]
											[32	33]
										[2	32	33]
										[2	32]
											[32	33]
										[2	32]
												[33	36	38	39	24]
												[24	36	38	39]
												[24	36	38]
												[24	36]
													[36	38]
												[24	36]
													[36	38	39]
													[36	38]
														[38	39]
													[36	38]
												[24	36	38]
												[24	36]
													[36	38]
												[24	36]
													[36	38	39	33]
													[33	38	39]
													[33	38]
														[38	39]
													[33	38]
														[38	39	36]
														[36	39]
															[39	38]
														[36	38]
													[33	36	38]
													[33	36]
														[36	38]
													[33	36]
												[24	33	36	38]
												[24	33	36]
												[24	33]
													[33	36]
												[24	33]
													[33	36	38]
													[33	36]
														[36	38]
													[33	36]
												[24	33	36]
												[24	33]
													[33	36]
												[24	33]
										[2	32	24	33	36]
										[2	32	24	33]
										[2	32	24]
										[2	32]
											[32	24]
										[2	24]
											[24	32	33]
											[24	32]
												[32	33]
											[24	32]
										[2	24	32]
										[2	24]
											[24	32]
										[2	24]
											[24	32	33	36]
											[24	32	33]
											[24	32]
												[32	33]
											[24	32]
												[32	33	36]
												[32	33]
													[33	36]
												[32	33]
											[24	32	33]
											[24	32]
												[32	33]
											[24	32]
										[2	24	32	33]
										[2	24	32]
										[2	24]
											[24	32]
										[2	24]
											[24	32	33]
											[24	32]
												[32	33]
											[24	32]
										[2	24	32]
										[2	24]
											[24	32]
										[2	24]
													[33	36	38	39	30	34	31]
													[31	36	38	39	30]
													[30	36	38	39]
													[30	36	38]
													[30	36]
														[36	38]
													[30	36]
														[36	38	39]
														[36	38]
															[38	39]
														[36	38]
													[30	36	38]
													[30	36]
														[36	38]
													[30	36]
														[36	38	39	31]
														[31	38	39]
														[31	38]
															[38	39]
														[31	38]
															[38	39	36]
															[36	39]
																[39	38]
															[36	38]
														[31	36	38]
														[31	36]
															[36	38]
														[31	36]
													[30	31	36	38]
													[30	31	36]
													[30	31]
														[31	36]
													[30	31]
														[31	36	38]
														[31	36]
															[36	38]
														[31	36]
													[30	31	36]
													[30	31]
														[31	36]
													[30	31]
															[36	38	39	34	33]
															[33	38	39	34]
															[33	38	39]
															[33	38]
																[38	39]
															[33	38]
																[38	39	34]
																[34	39]
																	[39	38]
																[34	38]
															[33	34	38]
															[33	34]
																[34	38]
															[33	34]
																[34	38	39	36]
																[34	38	39]
																[34	38]
																	[38	39]
																[34	38]
																	[38	39	36]
																	[36	39]
																		[39	38]
																	[36	38]
																[34	36	38]
																[34	36]
																	[36	38]
																[34	36]
															[33	34	36	38]
															[33	34	36]
															[33	34]
																[34	36]
															[33	34]
																[34	36	38]
																[34	36]
																	[36	38]
																[34	36]
															[33	34	36]
															[33	34]
																[34	36]
															[33	34]
													[30	31	33	34	36]
													[30	31	33	34]
													[30	31	33]
													[30	31]
														[31	33]
													[30	31]
														[31	33	34]
														[31	33]
															[33	34]
														[31	33]
													[30	31	33]
													[30	31]
														[31	33]
													[30	31]
														[31	33	34	36]
														[31	33	34]
														[31	33]
															[33	34]
														[31	33]
															[33	34	36]
															[33	34]
																[34	36]
															[33	34]
														[31	33	34]
														[31	33]
															[33	34]
														[31	33]
													[30	31	33	34]
													[30	31	33]
													[30	31]
														[31	33]
													[30	31]
														[31	33	34]
														[31	33]
															[33	34]
														[31	33]
													[30	31	33]
													[30	31]
														[31	33]
													[30	31]
										[2	24	32	30	31	33	34]
										[2	24	32	30	31]
										[2	24	32	30]
										[2	24	32]
										[2	24]
											[24	32]
										[2	24]
											[24	32	30]
											[24	32]
												[32	30]
											[24	30]
										[2	24	30]
										[2	24]
											[24	30]
										[2	24]
											[24	30	32	31]
											[24	30	32]
											[24	30]
												[30	32]
											[24	30]
												[30	32	31]
												[30	32]
													[32	31]
												[30	31]
											[24	30	31]
											[24	30]
												[30	31]
											[24	30]
										[2	24	30	31]
										[2	24	30]
										[2	24]
											[24	30]
										[2	24]
											[24	30	31]
											[24	30]
												[30	31]
											[24	30]
										[2	24	30]
										[2	24]
											[24	30]
										[2	24]
												[30	31	32	33	34]
												[30	31	32	33]
												[30	31	32]
												[30	31]
													[31	32]
												[30	31]
													[31	32	33]
													[31	32]
														[32	33]
													[31	32]
												[30	31	32]
												[30	31]
													[31	32]
												[30	31]
													[31	32	33	34]
													[31	32	33]
													[31	32]
														[32	33]
													[31	32]
														[32	33	34]
														[32	33]
															[33	34]
														[32	33]
													[31	32	33]
													[31	32]
														[32	33]
													[31	32]
												[30	31	32	33]
												[30	31	32]
												[30	31]
													[31	32]
												[30	31]
													[31	32	33]
													[31	32]
														[32	33]
													[31	32]
												[30	31	32]
												[30	31]
													[31	32]
												[30	31]
										[2	24	30	31	32]
										[2	24	30	31]
										[2	24	30]
										[2	24]
											[24	30]
										[2	24]
											[24	30	31]
											[24	30]
												[30	31]
											[24	30]
										[2	24	30]
										[2	24]
											[24	30]
										[2	24]
											[24	30	31	32]
											[24	30	31]
											[24	30]
												[30	31]
											[24	30]
												[30	31	32]
												[30	31]
													[31	32]
												[30	31]
											[24	30	31]
											[24	30]
												[30	31]
											[24	30]
										[2	24	30	31]
										[2	24	30]
										[2	24]
											[24	30]
										[2	24]
											[24	30	31]
											[24	30]
												[30	31]
											[24	30]
										[2	24	30]
										[2	24]
											[24	30]
										[2	24]
						[11	19	26	29	2	24	30	31	32	33]
						[11	19	26	29	2	24	30]
						[11	19	26	29	2]
						[2	19	26	29]
						[2	19	26]
						[2	19]
							[19	26]
						[2	19]
							[19	26	29]
							[19	26]
								[26	29]
							[19	26]
						[2	19	26]
						[2	19]
							[19	26]
						[2	19]
							[19	26	29	11]
							[11	26	29]
							[11	26]
								[26	29]
							[11	26]
								[26	29	19]
								[19	29]
									[29	26]
								[19	26]
							[11	19	26]
							[11	19]
								[19	26]
							[11	19]
						[2	11	19	26]
						[2	11	19]
						[2	11]
							[11	19]
						[2	11]
							[11	19	26]
							[11	19]
								[19	26]
							[11	19]
						[2	11	19]
						[2	11]
							[11	19]
						[2	11]
								[19	26	29	24	30]
								[19	26	29	24]
								[19	26	29]
								[19	26]
									[26	29]
								[19	26]
									[26	29	24]
									[24	29]
										[29	26]
									[24	26]
								[19	24	26]
								[19	24]
									[24	26]
								[19	24]
									[24	26	29	30]
									[24	26	29]
									[24	26]
										[26	29]
									[24	26]
										[26	29	30]
										[26	29]
											[29	30]
										[26	29]
									[24	26	29]
									[24	26]
										[26	29]
									[24	26]
								[19	24	26	29]
								[19	24	26]
								[19	24]
									[24	26]
								[19	24]
									[24	26	29]
									[24	26]
										[26	29]
									[24	26]
								[19	24	26]
								[19	24]
									[24	26]
								[19	24]
						[2	11	19	24	26]
						[2	11	19	24]
						[2	11	19]
						[2	11]
							[11	19]
						[2	11]
							[11	19	24]
							[11	19]
								[19	24]
							[11	19]
						[2	11	19]
						[2	11]
							[11	19]
						[2	11]
							[11	19	24	26]
							[11	19	24]
							[11	19]
								[19	24]
							[11	19]
								[19	24	26]
								[19	24]
									[24	26]
								[19	24]
							[11	19	24]
							[11	19]
								[19	24]
							[11	19]
						[2	11	19	24]
						[2	11	19]
						[2	11]
							[11	19]
						[2	11]
							[11	19	24]
							[11	19]
								[19	24]
							[11	19]
						[2	11	19]
						[2	11]
							[11	19]
						[2	11]
									[24	26	29	30	31	32	33]
									[24	26	29	30	31]
									[24	26	29	30]
									[24	26	29]
									[24	26]
										[26	29]
									[24	26]
										[26	29	30]
										[26	29]
											[29	30]
										[26	29]
									[24	26	29]
									[24	26]
										[26	29]
									[24	26]
										[26	29	30	31]
										[26	29	30]
										[26	29]
											[29	30]
										[26	29]
											[29	30	31]
											[29	30]
												[30	31]
											[29	30]
										[26	29	30]
										[26	29]
											[29	30]
										[26	29]
									[24	26	29	30]
									[24	26	29]
									[24	26]
										[26	29]
									[24	26]
										[26	29	30]
										[26	29]
											[29	30]
										[26	29]
									[24	26	29]
									[24	26]
										[26	29]
									[24	26]
											[29	30	31	32	33]
											[29	30	31	32]
											[29	30	31]
											[29	30]
												[30	31]
											[29	30]
												[30	31	32]
												[30	31]
													[31	32]
												[30	31]
											[29	30	31]
											[29	30]
												[30	31]
											[29	30]
												[30	31	32	33]
												[30	31	32]
												[30	31]
													[31	32]
												[30	31]
													[31	32	33]
													[31	32]
														[32	33]
													[31	32]
												[30	31	32]
												[30	31]
													[31	32]
												[30	31]
											[29	30	31	32]
											[29	30	31]
											[29	30]
												[30	31]
											[29	30]
												[30	31	32]
												[30	31]
													[31	32]
												[30	31]
											[29	30	31]
											[29	30]
												[30	31]
											[29	30]
									[24	26	29	30	31]
									[24	26	29	30]
									[24	26	29]
									[24	26]
										[26	29]
									[24	26]
										[26	29	30]
										[26	29]
											[29	30]
										[26	29]
									[24	26	29]
									[24	26]
										[26	29]
									[24	26]
										[26	29	30	31]
										[26	29	30]
										[26	29]
											[29	30]
										[26	29]
											[29	30	31]
											[29	30]
												[30	31]
											[29	30]
										[26	29	30]
										[26	29]
											[29	30]
										[26	29]
									[24	26	29	30]
									[24	26	29]
									[24	26]
										[26	29]
									[24	26]
										[26	29	30]
										[26	29]
											[29	30]
										[26	29]
									[24	26	29]
									[24	26]
										[26	29]
									[24	26]
						[2	11	19	24	26	29	30]
						[2	11	19	24	26]
						[2	11	19	24]
						[2	11	19]
						[2	11]
							[11	19]
						[2	11]
							[11	19	24]
							[11	19]
								[19	24]
							[11	19]
						[2	11	19]
						[2	11]
							[11	19]
						[2	11]
							[11	19	24	26]
							[11	19	24]
							[11	19]
								[19	24]
							[11	19]
								[19	24	26]
								[19	24]
									[24	26]
								[19	24]
							[11	19	24]
							[11	19]
								[19	24]
							[11	19]
						[2	11	19	24]
						[2	11	19]
						[2	11]
							[11	19]
						[2	11]
							[11	19	24]
							[11	19]
								[19	24]
							[11	19]
						[2	11	19]
						[2	11]
							[11	19]
						[2	11]
								[19	24	26	29	30]
								[19	24	26	29]
								[19	24	26]
								[19	24]
									[24	26]
								[19	24]
									[24	26	29]
									[24	26]
										[26	29]
									[24	26]
								[19	24	26]
								[19	24]
									[24	26]
								[19	24]
									[24	26	29	30]
									[24	26	29]
									[24	26]
										[26	29]
									[24	26]
										[26	29	30]
										[26	29]
											[29	30]
										[26	29]
									[24	26	29]
									[24	26]
										[26	29]
									[24	26]
								[19	24	26	29]
								[19	24	26]
								[19	24]
									[24	26]
								[19	24]
									[24	26	29]
									[24	26]
										[26	29]
									[24	26]
								[19	24	26]
								[19	24]
									[24	26]
								[19	24]
						[2	11	19	24	26]
						[2	11	19	24]
						[2	11	19]
						[2	11]
							[11	19]
						[2	11]
							[11	19	24]
							[11	19]
								[19	24]
							[11	19]
						[2	11	19]
						[2	11]
							[11	19]
						[2	11]
							[11	19	24	26]
							[11	19	24]
							[11	19]
								[19	24]
							[11	19]
								[19	24	26]
								[19	24]
									[24	26]
								[19	24]
							[11	19	24]
							[11	19]
								[19	24]
							[11	19]
						[2	11	19	24]
						[2	11	19]
						[2	11]
							[11	19]
						[2	11]
							[11	19	24]
							[11	19]
								[19	24]
							[11	19]
						[2	11	19]
						[2	11]
							[11	19]
						[2	11]
[7	8	12	14	17	21	2	11	19	24	26	29	30	31]
[7	8	12	14	17	21	2	11	19	24]
[7	8	12	14	17	21	2]
[2	8	12	14	17]
[2	8	12	14]
[2	8	12]
[2	8]
	[8	12]
[2	8]
	[8	12	14]
	[8	12]
		[12	14]
	[8	12]
[2	8	12]
[2	8]
	[8	12]
[2	8]
	[8	12	14	17]
	[8	12	14]
	[8	12]
		[12	14]
	[8	12]
		[12	14	17]
		[12	14]
			[14	17]
		[12	14]
	[8	12	14]
	[8	12]
		[12	14]
	[8	12]
[2	8	12	14]
[2	8	12]
[2	8]
	[8	12]
[2	8]
	[8	12	14]
	[8	12]
		[12	14]
	[8	12]
[2	8	12]
[2	8]
	[8	12]
[2	8]
		[12	14	17	21	7]
		[7	14	17	21]
		[7	14	17]
		[7	14]
			[14	17]
		[7	14]
			[14	17	21]
			[14	17]
				[17	21]
			[14	17]
		[7	14	17]
		[7	14]
			[14	17]
		[7	14]
			[14	17	21	12]
			[12	17	21]
			[12	17]
				[17	21]
			[12	17]
				[17	21	14]
				[14	21]
					[21	17]
				[14	17]
			[12	14	17]
			[12	14]
				[14	17]
			[12	14]
		[7	12	14	17]
		[7	12	14]
		[7	12]
			[12	14]
		[7	12]
			[12	14	17]
			[12	14]
				[14	17]
			[12	14]
		[7	12	14]
		[7	12]
			[12	14]
		[7	12]
[2	8	7	12	14]
[2	8	7	12]
[2	8	7]
[2	8]
	[8	7]
[2	7]
	[7	8	12]
	[7	8]
		[8	12]
	[7	8]
[2	7	8]
[2	7]
	[7	8]
[2	7]
	[7	8	12	14]
	[7	8	12]
	[7	8]
		[8	12]
	[7	8]
		[8	12	14]
		[8	12]
			[12	14]
		[8	12]
	[7	8	12]
	[7	8]
		[8	12]
	[7	8]
[2	7	8	12]
[2	7	8]
[2	7]
	[7	8]
[2	7]
	[7	8	12]
	[7	8]
		[8	12]
	[7	8]
[2	7	8]
[2	7]
	[7	8]
[2	7]
			[12	14	17	21	11	19	24]
			[12	14	17	21	11]
			[11	14	17	21]
			[11	14	17]
			[11	14]
				[14	17]
			[11	14]
				[14	17	21]
				[14	17]
					[17	21]
				[14	17]
			[11	14	17]
			[11	14]
				[14	17]
			[11	14]
				[14	17	21	12]
				[12	17	21]
				[12	17]
					[17	21]
				[12	17]
					[17	21	14]
					[14	21]
						[21	17]
					[14	17]
				[12	14	17]
				[12	14]
					[14	17]
				[12	14]
			[11	12	14	17]
			[11	12	14]
			[11	12]
				[12	14]
			[11	12]
				[12	14	17]
				[12	14]
					[14	17]
				[12	14]
			[11	12	14]
			[11	12]
				[12	14]
			[11	12]
					[14	17	21	19	24]
					[14	17	21	19]
					[14	17	21]
					[14	17]
						[17	21]
					[14	17]
						[17	21	19]
						[17	21]
							[21	19]
						[17	19]
					[14	17	19]
					[14	17]
						[17	19]
					[14	17]
						[17	19	21	24]
						[17	19	21]
						[17	19]
							[19	21]
						[17	19]
							[19	21	24]
							[19	21]
								[21	24]
							[19	21]
						[17	19	21]
						[17	19]
							[19	21]
						[17	19]
					[14	17	19	21]
					[14	17	19]
					[14	17]
						[17	19]
					[14	17]
						[17	19	21]
						[17	19]
							[19	21]
						[17	19]
					[14	17	19]
					[14	17]
						[17	19]
					[14	17]
			[11	12	14	17	19]
			[11	12	14	17]
			[11	12	14]
			[11	12]
				[12	14]
			[11	12]
				[12	14	17]
				[12	14]
					[14	17]
				[12	14]
			[11	12	14]
			[11	12]
				[12	14]
			[11	12]
				[12	14	17	19]
				[12	14	17]
				[12	14]
					[14	17]
				[12	14]
					[14	17	19]
					[14	17]
						[17	19]
					[14	17]
				[12	14	17]
				[12	14]
					[14	17]
				[12	14]
			[11	12	14	17]
			[11	12	14]
			[11	12]
				[12	14]
			[11	12]
				[12	14	17]
				[12	14]
					[14	17]
				[12	14]
			[11	12	14]
			[11	12]
				[12	14]
			[11	12]
[2	7	8	11	12	14	17]
[2	7	8	11	12]
[2	7	8	11]
[2	7	8]
[2	7]
	[7	8]
[2	7]
	[7	8	11]
	[7	8]
		[8	11]
	[7	8]
[2	7	8]
[2	7]
	[7	8]
[2	7]
	[7	8	11	12]
	[7	8	11]
	[7	8]
		[8	11]
	[7	8]
		[8	11	12]
		[8	11]
			[11	12]
		[8	11]
	[7	8	11]
	[7	8]
		[8	11]
	[7	8]
[2	7	8	11]
[2	7	8]
[2	7]
	[7	8]
[2	7]
	[7	8	11]
	[7	8]
		[8	11]
	[7	8]
[2	7	8]
[2	7]
	[7	8]
[2	7]
		[8	11	12	14	17]
		[8	11	12	14]
		[8	11	12]
		[8	11]
			[11	12]
		[8	11]
			[11	12	14]
			[11	12]
				[12	14]
			[11	12]
		[8	11	12]
		[8	11]
			[11	12]
		[8	11]
			[11	12	14	17]
			[11	12	14]
			[11	12]
				[12	14]
			[11	12]
				[12	14	17]
				[12	14]
					[14	17]
				[12	14]
			[11	12	14]
			[11	12]
				[12	14]
			[11	12]
		[8	11	12	14]
		[8	11	12]
		[8	11]
			[11	12]
		[8	11]
			[11	12	14]
			[11	12]
				[12	14]
			[11	12]
		[8	11	12]
		[8	11]
			[11	12]
		[8	11]
[2	7	8	11	12]
[2	7	8	11]
[2	7	8]
[2	7]
	[7	8]
[2	7]
	[7	8	11]
	[7	8]
		[8	11]
	[7	8]
[2	7	8]
[2	7]
	[7	8]
[2	7]
	[7	8	11	12]
	[7	8	11]
	[7	8]
		[8	11]
	[7	8]
		[8	11	12]
		[8	11]
			[11	12]
		[8	11]
	[7	8	11]
	[7	8]
		[8	11]
	[7	8]
[2	7	8	11]
[2	7	8]
[2	7]
	[7	8]
[2	7]
	[7	8	11]
	[7	8]
		[8	11]
	[7	8]
[2	7	8]
[2	7]
	[7	8]
[2	7]
				[12	14	17	19	21	24	26	29	30	31]
				[12	14	17	19	21	24	26]
				[12	14	17	19	21]
				[12	14	17	19]
				[12	14	17]
				[12	14]
					[14	17]
				[12	14]
					[14	17	19]
					[14	17]
						[17	19]
					[14	17]
				[12	14	17]
				[12	14]
					[14	17]
				[12	14]
					[14	17	19	21]
					[14	17	19]
					[14	17]
						[17	19]
					[14	17]
						[17	19	21]
						[17	19]
							[19	21]
						[17	19]
					[14	17	19]
					[14	17]
						[17	19]
					[14	17]
				[12	14	17	19]
				[12	14	17]
				[12	14]
					[14	17]
				[12	14]
					[14	17	19]
					[14	17]
						[17	19]
					[14	17]
				[12	14	17]
				[12	14]
					[14	17]
				[12	14]
						[17	19	21	24	26]
						[17	19	21	24]
						[17	19	21]
						[17	19]
							[19	21]
						[17	19]
							[19	21	24]
							[19	21]
								[21	24]
							[19	21]
						[17	19	21]
						[17	19]
							[19	21]
						[17	19]
							[19	21	24	26]
							[19	21	24]
							[19	21]
								[21	24]
							[19	21]
								[21	24	26]
								[21	24]
									[24	26]
								[21	24]
							[19	21	24]
							[19	21]
								[21	24]
							[19	21]
						[17	19	21	24]
						[17	19	21]
						[17	19]
							[19	21]
						[17	19]
							[19	21	24]
							[19	21]
								[21	24]
							[19	21]
						[17	19	21]
						[17	19]
							[19	21]
						[17	19]
				[12	14	17	19	21]
				[12	14	17	19]
				[12	14	17]
				[12	14]
					[14	17]
				[12	14]
					[14	17	19]
					[14	17]
						[17	19]
					[14	17]
				[12	14	17]
				[12	14]
					[14	17]
				[12	14]
					[14	17	19	21]
					[14	17	19]
					[14	17]
						[17	19]
					[14	17]
						[17	19	21]
						[17	19]
							[19	21]
						[17	19]
					[14	17	19]
					[14	17]
						[17	19]
					[14	17]
				[12	14	17	19]
				[12	14	17]
				[12	14]
					[14	17]
				[12	14]
					[14	17	19]
					[14	17]
						[17	19]
					[14	17]
				[12	14	17]
				[12	14]
					[14	17]
				[12	14]
							[19	21	24	26	29	30	31]
							[19	21	24	26	29]
							[19	21	24	26]
							[19	21	24]
							[19	21]
								[21	24]
							[19	21]
								[21	24	26]
								[21	24]
									[24	26]
								[21	24]
							[19	21	24]
							[19	21]
								[21	24]
							[19	21]
								[21	24	26	29]
								[21	24	26]
								[21	24]
									[24	26]
								[21	24]
									[24	26	29]
									[24	26]
										[26	29]
									[24	26]
								[21	24	26]
								[21	24]
									[24	26]
								[21	24]
							[19	21	24	26]
							[19	21	24]
							[19	21]
								[21	24]
							[19	21]
								[21	24	26]
								[21	24]
									[24	26]
								[21	24]
							[19	21	24]
							[19	21]
								[21	24]
							[19	21]
									[24	26	29	30	31]
									[24	26	29	30]
									[24	26	29]
									[24	26]
										[26	29]
									[24	26]
										[26	29	30]
										[26	29]
											[29	30]
										[26	29]
									[24	26	29]
									[24	26]
										[26	29]
									[24	26]
										[26	29	30	31]
										[26	29	30]
										[26	29]
											[29	30]
										[26	29]
											[29	30	31]
											[29	30]
												[30	31]
											[29	30]
										[26	29	30]
										[26	29]
											[29	30]
										[26	29]
									[24	26	29	30]
									[24	26	29]
									[24	26]
										[26	29]
									[24	26]
										[26	29	30]
										[26	29]
											[29	30]
										[26	29]
									[24	26	29]
									[24	26]
										[26	29]
									[24	26]
							[19	21	24	26	29]
							[19	21	24	26]
							[19	21	24]
							[19	21]
								[21	24]
							[19	21]
								[21	24	26]
								[21	24]
									[24	26]
								[21	24]
							[19	21	24]
							[19	21]
								[21	24]
							[19	21]
								[21	24	26	29]
								[21	24	26]
								[21	24]
									[24	26]
								[21	24]
									[24	26	29]
									[24	26]
										[26	29]
									[24	26]
								[21	24	26]
								[21	24]
									[24	26]
								[21	24]
							[19	21	24	26]
							[19	21	24]
							[19	21]
								[21	24]
							[19	21]
								[21	24	26]
								[21	24]
									[24	26]
								[21	24]
							[19	21	24]
							[19	21]
								[21	24]
							[19	21]
				[12	14	17	19	21	24	26]
				[12	14	17	19	21]
				[12	14	17	19]
				[12	14	17]
				[12	14]
					[14	17]
				[12	14]
					[14	17	19]
					[14	17]
						[17	19]
					[14	17]
				[12	14	17]
				[12	14]
					[14	17]
				[12	14]
					[14	17	19	21]
					[14	17	19]
					[14	17]
						[17	19]
					[14	17]
						[17	19	21]
						[17	19]
							[19	21]
						[17	19]
					[14	17	19]
					[14	17]
						[17	19]
					[14	17]
				[12	14	17	19]
				[12	14	17]
				[12	14]
					[14	17]
				[12	14]
					[14	17	19]
					[14	17]
						[17	19]
					[14	17]
				[12	14	17]
				[12	14]
					[14	17]
				[12	14]
						[17	19	21	24	26]
						[17	19	21	24]
						[17	19	21]
						[17	19]
							[19	21]
						[17	19]
							[19	21	24]
							[19	21]
								[21	24]
							[19	21]
						[17	19	21]
						[17	19]
							[19	21]
						[17	19]
							[19	21	24	26]
							[19	21	24]
							[19	21]
								[21	24]
							[19	21]
								[21	24	26]
								[21	24]
									[24	26]
								[21	24]
							[19	21	24]
							[19	21]
								[21	24]
							[19	21]
						[17	19	21	24]
						[17	19	21]
						[17	19]
							[19	21]
						[17	19]
							[19	21	24]
							[19	21]
								[21	24]
							[19	21]
						[17	19	21]
						[17	19]
							[19	21]
						[17	19]
				[12	14	17	19	21]
				[12	14	17	19]
				[12	14	17]
				[12	14]
					[14	17]
				[12	14]
					[14	17	19]
					[14	17]
						[17	19]
					[14	17]
				[12	14	17]
				[12	14]
					[14	17]
				[12	14]
					[14	17	19	21]
					[14	17	19]
					[14	17]
						[17	19]
					[14	17]
						[17	19	21]
						[17	19]
							[19	21]
						[17	19]
					[14	17	19]
					[14	17]
						[17	19]
					[14	17]
				[12	14	17	19]
				[12	14	17]
				[12	14]
					[14	17]
				[12	14]
					[14	17	19]
					[14	17]
						[17	19]
					[14	17]
				[12	14	17]
				[12	14]
					[14	17]
				[12	14]
[2	7	8	11	12	14	17	19	21	24]
[2	7	8	11	12	14	17]
[2	7	8	11	12]
[2	7	8	11]
[2	7	8]
[2	7]
	[7	8]
[2	7]
	[7	8	11]
	[7	8]
		[8	11]
	[7	8]
[2	7	8]
[2	7]
	[7	8]
[2	7]
	[7	8	11	12]
	[7	8	11]
	[7	8]
		[8	11]
	[7	8]
		[8	11	12]
		[8	11]
			[11	12]
		[8	11]
	[7	8	11]
	[7	8]
		[8	11]
	[7	8]
[2	7	8	11]
[2	7	8]
[2	7]
	[7	8]
[2	7]
	[7	8	11]
	[7	8]
		[8	11]
	[7	8]
[2	7	8]
[2	7]
	[7	8]
[2	7]
		[8	11	12	14	17]
		[8	11	12	14]
		[8	11	12]
		[8	11]
			[11	12]
		[8	11]
			[11	12	14]
			[11	12]
				[12	14]
			[11	12]
		[8	11	12]
		[8	11]
			[11	12]
		[8	11]
			[11	12	14	17]
			[11	12	14]
			[11	12]
				[12	14]
			[11	12]
				[12	14	17]
				[12	14]
					[14	17]
				[12	14]
			[11	12	14]
			[11	12]
				[12	14]
			[11	12]
		[8	11	12	14]
		[8	11	12]
		[8	11]
			[11	12]
		[8	11]
			[11	12	14]
			[11	12]
				[12	14]
			[11	12]
		[8	11	12]
		[8	11]
			[11	12]
		[8	11]
[2	7	8	11	12]
[2	7	8	11]
[2	7	8]
[2	7]
	[7	8]
[2	7]
	[7	8	11]
	[7	8]
		[8	11]
	[7	8]
[2	7	8]
[2	7]
	[7	8]
[2	7]
	[7	8	11	12]
	[7	8	11]
	[7	8]
		[8	11]
	[7	8]
		[8	11	12]
		[8	11]
			[11	12]
		[8	11]
	[7	8	11]
	[7	8]
		[8	11]
	[7	8]
[2	7	8	11]
[2	7	8]
[2	7]
	[7	8]
[2	7]
	[7	8	11]
	[7	8]
		[8	11]
	[7	8]
[2	7	8]
[2	7]
	[7	8]
[2	7]
			[11	12	14	17	19	21	24]
			[11	12	14	17	19]
			[11	12	14	17]
			[11	12	14]
			[11	12]
				[12	14]
			[11	12]
				[12	14	17]
				[12	14]
					[14	17]
				[12	14]
			[11	12	14]
			[11	12]
				[12	14]
			[11	12]
				[12	14	17	19]
				[12	14	17]
				[12	14]
					[14	17]
				[12	14]
					[14	17	19]
					[14	17]
						[17	19]
					[14	17]
				[12	14	17]
				[12	14]
					[14	17]
				[12	14]
			[11	12	14	17]
			[11	12	14]
			[11	12]
				[12	14]
			[11	12]
				[12	14	17]
				[12	14]
					[14	17]
				[12	14]
			[11	12	14]
			[11	12]
				[12	14]
			[11	12]
					[14	17	19	21	24]
					[14	17	19	21]
					[14	17	19]
					[14	17]
						[17	19]
					[14	17]
						[17	19	21]
						[17	19]
							[19	21]
						[17	19]
					[14	17	19]
					[14	17]
						[17	19]
					[14	17]
						[17	19	21	24]
						[17	19	21]
						[17	19]
							[19	21]
						[17	19]
							[19	21	24]
							[19	21]
								[21	24]
							[19	21]
						[17	19	21]
						[17	19]
							[19	21]
						[17	19]
					[14	17	19	21]
					[14	17	19]
					[14	17]
						[17	19]
					[14	17]
						[17	19	21]
						[17	19]
							[19	21]
						[17	19]
					[14	17	19]
					[14	17]
						[17	19]
					[14	17]
			[11	12	14	17	19]
			[11	12	14	17]
			[11	12	14]
			[11	12]
				[12	14]
			[11	12]
				[12	14	17]
				[12	14]
					[14	17]
				[12	14]
			[11	12	14]
			[11	12]
				[12	14]
			[11	12]
				[12	14	17	19]
				[12	14	17]
				[12	14]
					[14	17]
				[12	14]
					[14	17	19]
					[14	17]
						[17	19]
					[14	17]
				[12	14	17]
				[12	14]
					[14	17]
				[12	14]
			[11	12	14	17]
			[11	12	14]
			[11	12]
				[12	14]
			[11	12]
				[12	14	17]
				[12	14]
					[14	17]
				[12	14]
			[11	12	14]
			[11	12]
				[12	14]
			[11	12]
[2	7	8	11	12	14	17]
[2	7	8	11	12]
[2	7	8	11]
[2	7	8]
[2	7]
	[7	8]
[2	7]
	[7	8	11]
	[7	8]
		[8	11]
	[7	8]
[2	7	8]
[2	7]
	[7	8]
[2	7]
	[7	8	11	12]
	[7	8	11]
	[7	8]
		[8	11]
	[7	8]
		[8	11	12]
		[8	11]
			[11	12]
		[8	11]
	[7	8	11]
	[7	8]
		[8	11]
	[7	8]
[2	7	8	11]
[2	7	8]
[2	7]
	[7	8]
[2	7]
	[7	8	11]
	[7	8]
		[8	11]
	[7	8]
[2	7	8]
[2	7]
	[7	8]
[2	7]
		[8	11	12	14	17]
		[8	11	12	14]
		[8	11	12]
		[8	11]
			[11	12]
		[8	11]
			[11	12	14]
			[11	12]
				[12	14]
			[11	12]
		[8	11	12]
		[8	11]
			[11	12]
		[8	11]
			[11	12	14	17]
			[11	12	14]
			[11	12]
				[12	14]
			[11	12]
				[12	14	17]
				[12	14]
					[14	17]
				[12	14]
			[11	12	14]
			[11	12]
				[12	14]
			[11	12]
		[8	11	12	14]
		[8	11	12]
		[8	11]
			[11	12]
		[8	11]
			[11	12	14]
			[11	12]
				[12	14]
			[11	12]
		[8	11	12]
		[8	11]
			[11	12]
		[8	11]
[2	7	8	11	12]
[2	7	8	11]
[2	7	8]
[2	7]
	[7	8]
[2	7]
	[7	8	11]
	[7	8]
		[8	11]
	[7	8]
[2	7	8]
[2	7]
	[7	8]
[2	7]
	[7	8	11	12]
	[7	8	11]
	[7	8]
		[8	11]
	[7	8]
		[8	11	12]
		[8	11]
			[11	12]
		[8	11]
	[7	8	11]
	[7	8]
		[8	11]
	[7	8]
[2	7	8	11]
[2	7	8]
[2	7]
	[7	8]
[2	7]
	[7	8	11]
	[7	8]
		[8	11]
	[7	8]
[2	7	8]
[2	7]
	[7	8]
[2	7]
Arreglo ordenado: 
[2	7	8	11	12	14	17	19	21	24	26	29	30	31	32	33	34	36	38	39]
